<?xml version="1.0" encoding="UTF-8"?>
<coverage generated="1770680724957" clover="3.2.0">
  <project timestamp="1770680724957" name="All files">
    <metrics statements="73" coveredstatements="72" conditionals="34" coveredconditionals="18" methods="17" coveredmethods="16" elements="124" coveredelements="106" complexity="0" loc="73" ncloc="73" packages="4" files="10" classes="10"/>
    <package name="components">
      <metrics statements="45" coveredstatements="44" conditionals="12" coveredconditionals="6" methods="9" coveredmethods="8"/>
      <file name="About.tsx" path="/Users/daxuhrie/Desktop/TXST-QFC-site/src/components/About.tsx">
        <metrics statements="5" coveredstatements="5" conditionals="0" coveredconditionals="0" methods="1" coveredmethods="1"/>
        <line num="1" count="1" type="stmt"/>
        <line num="2" count="1" type="stmt"/>
        <line num="4" count="1" type="stmt"/>
        <line num="5" count="1" type="stmt"/>
        <line num="32" count="1" type="stmt"/>
      </file>
      <file name="Container.tsx" path="/Users/daxuhrie/Desktop/TXST-QFC-site/src/components/Container.tsx">
        <metrics statements="4" coveredstatements="4" conditionals="2" coveredconditionals="2" methods="1" coveredmethods="1"/>
        <line num="1" count="1" type="stmt"/>
        <line num="3" count="5" type="cond" truecount="2" falsecount="0"/>
        <line num="4" count="4" type="stmt"/>
        <line num="7" count="1" type="stmt"/>
      </file>
      <file name="FeaturedProjects.tsx" path="/Users/daxuhrie/Desktop/TXST-QFC-site/src/components/FeaturedProjects.tsx">
        <metrics statements="10" coveredstatements="10" conditionals="2" coveredconditionals="1" methods="2" coveredmethods="2"/>
        <line num="1" count="1" type="stmt"/>
        <line num="2" count="1" type="stmt"/>
        <line num="3" count="1" type="stmt"/>
        <line num="4" count="1" type="stmt"/>
        <line num="5" count="1" type="stmt"/>
        <line num="11" count="2" type="cond" truecount="1" falsecount="1"/>
        <line num="13" count="1" type="stmt"/>
        <line num="15" count="1" type="stmt"/>
        <line num="26" count="1" type="stmt"/>
        <line num="44" count="1" type="stmt"/>
      </file>
      <file name="Hero.tsx" path="/Users/daxuhrie/Desktop/TXST-QFC-site/src/components/Hero.tsx">
        <metrics statements="6" coveredstatements="6" conditionals="0" coveredconditionals="0" methods="1" coveredmethods="1"/>
        <line num="1" count="1" type="stmt"/>
        <line num="2" count="1" type="stmt"/>
        <line num="3" count="1" type="stmt"/>
        <line num="5" count="1" type="stmt"/>
        <line num="6" count="3" type="stmt"/>
        <line num="36" count="1" type="stmt"/>
      </file>
      <file name="Navigation.tsx" path="/Users/daxuhrie/Desktop/TXST-QFC-site/src/components/Navigation.tsx">
        <metrics statements="8" coveredstatements="7" conditionals="4" coveredconditionals="2" methods="2" coveredmethods="1"/>
        <line num="2" count="1" type="stmt"/>
        <line num="3" count="1" type="stmt"/>
        <line num="4" count="1" type="stmt"/>
        <line num="6" count="1" type="stmt"/>
        <line num="7" count="1" type="stmt"/>
        <line num="9" count="1" type="stmt"/>
        <line num="45" count="0" type="stmt"/>
        <line num="73" count="1" type="stmt"/>
      </file>
      <file name="ProjectCard.tsx" path="/Users/daxuhrie/Desktop/TXST-QFC-site/src/components/ProjectCard.tsx">
        <metrics statements="12" coveredstatements="12" conditionals="4" coveredconditionals="1" methods="2" coveredmethods="2"/>
        <line num="1" count="3" type="stmt"/>
        <line num="2" count="3" type="stmt"/>
        <line num="13" count="3" type="stmt"/>
        <line num="14" count="6" type="stmt"/>
        <line num="15" count="6" type="stmt"/>
        <line num="16" count="6" type="stmt"/>
        <line num="17" count="6" type="stmt"/>
        <line num="18" count="6" type="stmt"/>
        <line num="19" count="6" type="stmt"/>
        <line num="21" count="6" type="stmt"/>
        <line num="38" count="8" type="stmt"/>
        <line num="65" count="3" type="stmt"/>
      </file>
    </package>
    <package name="components.ui">
      <metrics statements="25" coveredstatements="25" conditionals="22" coveredconditionals="12" methods="7" coveredmethods="7"/>
      <file name="shape-landing-hero.tsx" path="/Users/daxuhrie/Desktop/TXST-QFC-site/src/components/ui/shape-landing-hero.tsx">
        <metrics statements="17" coveredstatements="17" conditionals="16" coveredconditionals="8" methods="3" coveredmethods="3"/>
        <line num="3" count="1" type="stmt"/>
        <line num="4" count="1" type="stmt"/>
        <line num="5" count="1" type="stmt"/>
        <line num="8" count="5" type="stmt"/>
        <line num="9" count="5" type="cond" truecount="1" falsecount="1"/>
        <line num="10" count="5" type="cond" truecount="1" falsecount="1"/>
        <line num="11" count="5" type="cond" truecount="1" falsecount="1"/>
        <line num="12" count="5" type="cond" truecount="1" falsecount="1"/>
        <line num="13" count="5" type="cond" truecount="1" falsecount="1"/>
        <line num="22" count="5" type="stmt"/>
        <line num="74" count="1" type="cond" truecount="1" falsecount="1"/>
        <line num="75" count="1" type="cond" truecount="1" falsecount="1"/>
        <line num="76" count="1" type="cond" truecount="1" falsecount="1"/>
        <line num="82" count="1" type="stmt"/>
        <line num="84" count="6" type="stmt"/>
        <line num="95" count="1" type="stmt"/>
        <line num="201" count="1" type="stmt"/>
      </file>
      <file name="text-reveal.tsx" path="/Users/daxuhrie/Desktop/TXST-QFC-site/src/components/ui/text-reveal.tsx">
        <metrics statements="8" coveredstatements="8" conditionals="6" coveredconditionals="4" methods="4" coveredmethods="4"/>
        <line num="3" count="1" type="stmt"/>
        <line num="4" count="1" type="stmt"/>
        <line num="11" count="3" type="cond" truecount="2" falsecount="2"/>
        <line num="12" count="3" type="stmt"/>
        <line num="14" count="3" type="stmt"/>
        <line num="15" count="1" type="stmt"/>
        <line num="18" count="3" type="stmt"/>
        <line num="22" count="23" type="stmt"/>
      </file>
    </package>
    <package name="data">
      <metrics statements="1" coveredstatements="1" conditionals="0" coveredconditionals="0" methods="0" coveredmethods="0"/>
      <file name="projects.ts" path="/Users/daxuhrie/Desktop/TXST-QFC-site/src/data/projects.ts">
        <metrics statements="1" coveredstatements="1" conditionals="0" coveredconditionals="0" methods="0" coveredmethods="0"/>
        <line num="11" count="1" type="stmt"/>
      </file>
    </package>
    <package name="lib">
      <metrics statements="2" coveredstatements="2" conditionals="0" coveredconditionals="0" methods="1" coveredmethods="1"/>
      <file name="utils.ts" path="/Users/daxuhrie/Desktop/TXST-QFC-site/src/lib/utils.ts">
        <metrics statements="2" coveredstatements="2" conditionals="0" coveredconditionals="0" methods="1" coveredmethods="1"/>
        <line num="1" count="80" type="stmt"/>
        <line num="2" count="14" type="stmt"/>
      </file>
    </package>
  </project>
</coverage>
