{"/Users/daxuhrie/Desktop/TXST-QFC-site/src/components/About.tsx": {"path":"/Users/daxuhrie/Desktop/TXST-QFC-site/src/components/About.tsx","statementMap":{"0":{"start":{"line":1,"column":0},"end":{"line":1,"column":26}},"1":{"start":{"line":2,"column":0},"end":{"line":2,"column":35}},"2":{"start":{"line":4,"column":24},"end":{"line":30,"column":1}},"3":{"start":{"line":5,"column":4},"end":{"line":29,"column":6}},"4":{"start":{"line":32,"column":0},"end":{"line":32,"column":21}}},"fnMap":{"0":{"name":"(anonymous_1)","decl":{"start":{"line":4,"column":24},"end":{"line":4,"column":null}},"loc":{"start":{"line":4,"column":24},"end":{"line":30,"column":1}}}},"branchMap":{},"s":{"0":1,"1":1,"2":1,"3":1,"4":1},"f":{"0":1},"b":{}}
,"/Users/daxuhrie/Desktop/TXST-QFC-site/src/components/Container.tsx": {"path":"/Users/daxuhrie/Desktop/TXST-QFC-site/src/components/Container.tsx","statementMap":{"0":{"start":{"line":1,"column":0},"end":{"line":1,"column":25}},"1":{"start":{"line":3,"column":79},"end":{"line":5,"column":1}},"2":{"start":{"line":3,"column":90},"end":{"line":3,"column":92}},"3":{"start":{"line":3,"column":92},"end":{"line":3,"column":101}},"4":{"start":{"line":3,"column":101},"end":{"line":3,"column":108}},"5":{"start":{"line":4,"column":4},"end":{"line":4,"column":null}},"6":{"start":{"line":7,"column":0},"end":{"line":7,"column":null}}},"fnMap":{"0":{"name":"(anonymous_1)","decl":{"start":{"line":3,"column":79},"end":{"line":3,"column":80}},"loc":{"start":{"line":3,"column":108},"end":{"line":5,"column":1}}}},"branchMap":{"0":{"loc":{"start":{"line":3,"column":101},"end":{"line":3,"column":108}},"type":"cond-expr","locations":[{"start":{"line":3,"column":104},"end":{"line":3,"column":106}},{"start":{"line":3,"column":106},"end":{"line":3,"column":108}}]}},"s":{"0":1,"1":1,"2":5,"3":4,"4":4,"5":4,"6":1},"f":{"0":5},"b":{"0":[2,2]}}
,"/Users/daxuhrie/Desktop/TXST-QFC-site/src/components/FeaturedProjects.tsx": {"path":"/Users/daxuhrie/Desktop/TXST-QFC-site/src/components/FeaturedProjects.tsx","statementMap":{"0":{"start":{"line":1,"column":0},"end":{"line":1,"column":26}},"1":{"start":{"line":2,"column":0},"end":{"line":2,"column":29}},"2":{"start":{"line":3,"column":0},"end":{"line":3,"column":40}},"3":{"start":{"line":4,"column":0},"end":{"line":4,"column":44}},"4":{"start":{"line":5,"column":0},"end":{"line":5,"column":35}},"5":{"start":{"line":11,"column":58},"end":{"line":40,"column":1}},"6":{"start":{"line":11,"column":61},"end":{"line":11,"column":66}},"7":{"start":{"line":11,"column":66},"end":{"line":11,"column":72}},"8":{"start":{"line":13,"column":29},"end":{"line":13,"column":53}},"9":{"start":{"line":15,"column":4},"end":{"line":39,"column":6}},"10":{"start":{"line":25,"column":55},"end":{"line":27,"column":22}},"11":{"start":{"line":42,"column":0},"end":{"line":42,"column":32}}},"fnMap":{"0":{"name":"(anonymous_3)","decl":{"start":{"line":11,"column":58},"end":{"line":11,"column":59}},"loc":{"start":{"line":11,"column":72},"end":{"line":40,"column":1}}},"1":{"name":"(anonymous_4)","decl":{"start":{"line":25,"column":42},"end":{"line":25,"column":43}},"loc":{"start":{"line":25,"column":50},"end":{"line":25,"column":null}}}},"branchMap":{"0":{"loc":{"start":{"line":11,"column":66},"end":{"line":11,"column":72}},"type":"cond-expr","locations":[{"start":{"line":11,"column":69},"end":{"line":11,"column":70}},{"start":{"line":11,"column":70},"end":{"line":11,"column":72}}]}},"s":{"0":1,"1":1,"2":1,"3":1,"4":1,"5":1,"6":2,"7":1,"8":1,"9":1,"10":1,"11":1},"f":{"0":2,"1":1},"b":{"0":[0,1]}}
,"/Users/daxuhrie/Desktop/TXST-QFC-site/src/components/Hero.tsx": {"path":"/Users/daxuhrie/Desktop/TXST-QFC-site/src/components/Hero.tsx","statementMap":{"0":{"start":{"line":1,"column":0},"end":{"line":1,"column":26}},"1":{"start":{"line":2,"column":0},"end":{"line":2,"column":29}},"2":{"start":{"line":3,"column":0},"end":{"line":3,"column":35}},"3":{"start":{"line":5,"column":23},"end":{"line":34,"column":1}},"4":{"start":{"line":6,"column":4},"end":{"line":33,"column":6}},"5":{"start":{"line":36,"column":0},"end":{"line":36,"column":20}}},"fnMap":{"0":{"name":"(anonymous_1)","decl":{"start":{"line":5,"column":23},"end":{"line":5,"column":null}},"loc":{"start":{"line":5,"column":23},"end":{"line":34,"column":1}}}},"branchMap":{},"s":{"0":1,"1":1,"2":1,"3":1,"4":3,"5":1},"f":{"0":3},"b":{}}
,"/Users/daxuhrie/Desktop/TXST-QFC-site/src/components/Navigation.tsx": {"path":"/Users/daxuhrie/Desktop/TXST-QFC-site/src/components/Navigation.tsx","statementMap":{"0":{"start":{"line":2,"column":0},"end":{"line":2,"column":32}},"1":{"start":{"line":3,"column":0},"end":{"line":3,"column":28}},"2":{"start":{"line":4,"column":0},"end":{"line":4,"column":38}},"3":{"start":{"line":6,"column":19},"end":{"line":71,"column":1}},"4":{"start":{"line":7,"column":28},"end":{"line":7,"column":43}},"5":{"start":{"line":7,"column":15},"end":{"line":7,"column":17}},"6":{"start":{"line":7,"column":24},"end":{"line":7,"column":28}},"7":{"start":{"line":9,"column":4},"end":{"line":70,"column":null}},"8":{"start":{"line":45,"column":43},"end":{"line":45,"column":null}},"9":{"start":{"line":73,"column":0},"end":{"line":73,"column":26}}},"fnMap":{"0":{"name":"(anonymous_1)","decl":{"start":{"line":6,"column":19},"end":{"line":6,"column":null}},"loc":{"start":{"line":6,"column":19},"end":{"line":71,"column":1}}},"1":{"name":"(anonymous_2)","decl":{"start":{"line":45,"column":37},"end":{"line":45,"column":43}},"loc":{"start":{"line":45,"column":37},"end":{"line":45,"column":50}}}},"branchMap":{"0":{"loc":{"start":{"line":50,"column":29},"end":{"line":50,"column":92}},"type":"cond-expr","locations":[{"start":{"line":50,"column":36},"end":{"line":50,"column":61}},{"start":{"line":50,"column":64},"end":{"line":50,"column":92}}]},"1":{"loc":{"start":{"line":57,"column":13},"end":{"line":67,"column":null}},"type":"binary-expr","locations":[{"start":{"line":57,"column":13},"end":{"line":57,"column":17}},{"start":{"line":58,"column":16},"end":{"line":66,"column":null}}]}},"s":{"0":1,"1":1,"2":1,"3":1,"4":1,"5":1,"6":1,"7":1,"8":0,"9":1},"f":{"0":1,"1":0},"b":{"0":[0,1],"1":[1,0]}}
,"/Users/daxuhrie/Desktop/TXST-QFC-site/src/components/ProjectCard.tsx": {"path":"/Users/daxuhrie/Desktop/TXST-QFC-site/src/components/ProjectCard.tsx","statementMap":{"0":{"start":{"line":1,"column":0},"end":{"line":1,"column":26}},"1":{"start":{"line":2,"column":0},"end":{"line":2,"column":44}},"2":{"start":{"line":13,"column":48},"end":{"line":63,"column":1}},"3":{"start":{"line":14,"column":9},"end":{"line":14,"column":null}},"4":{"start":{"line":15,"column":15},"end":{"line":15,"column":null}},"5":{"start":{"line":16,"column":13},"end":{"line":16,"column":null}},"6":{"start":{"line":17,"column":15},"end":{"line":17,"column":null}},"7":{"start":{"line":18,"column":8},"end":{"line":18,"column":null}},"8":{"start":{"line":19,"column":10},"end":{"line":19,"column":null}},"9":{"start":{"line":21,"column":4},"end":{"line":62,"column":6}},"10":{"start":{"line":38,"column":42},"end":{"line":45,"column":18}},"11":{"start":{"line":65,"column":0},"end":{"line":65,"column":27}}},"fnMap":{"0":{"name":"(anonymous_1)","decl":{"start":{"line":13,"column":48},"end":{"line":13,"column":49}},"loc":{"start":{"line":20,"column":1},"end":{"line":63,"column":1}}},"1":{"name":"(anonymous_2)","decl":{"start":{"line":38,"column":26},"end":{"line":38,"column":27}},"loc":{"start":{"line":38,"column":37},"end":{"line":38,"column":null}}}},"branchMap":{"0":{"loc":{"start":{"line":26,"column":77},"end":{"line":30,"column":65}},"type":"cond-expr","locations":[{"start":{"line":27,"column":30},"end":{"line":27,"column":59}},{"start":{"line":28,"column":30},"end":{"line":30,"column":65}}]},"1":{"loc":{"start":{"line":28,"column":30},"end":{"line":30,"column":65}},"type":"cond-expr","locations":[{"start":{"line":29,"column":34},"end":{"line":29,"column":67}},{"start":{"line":30,"column":34},"end":{"line":30,"column":65}}]}},"s":{"0":3,"1":3,"2":3,"3":6,"4":6,"5":6,"6":6,"7":6,"8":6,"9":6,"10":8,"11":3},"f":{"0":6,"1":8},"b":{"0":[6,0],"1":[0,0]}}
,"/Users/daxuhrie/Desktop/TXST-QFC-site/src/components/ui/shape-landing-hero.tsx": {"path":"/Users/daxuhrie/Desktop/TXST-QFC-site/src/components/ui/shape-landing-hero.tsx","statementMap":{"0":{"start":{"line":201,"column":9},"end":{"line":201,"column":22}},"1":{"start":{"line":3,"column":0},"end":{"line":3,"column":39}},"2":{"start":{"line":4,"column":0},"end":{"line":4,"column":38}},"3":{"start":{"line":5,"column":0},"end":{"line":5,"column":33}},"4":{"start":{"line":8,"column":13},"end":{"line":8,"column":null}},"5":{"start":{"line":9,"column":4},"end":{"line":9,"column":9}},"6":{"start":{"line":9,"column":9},"end":{"line":9,"column":null}},"7":{"start":{"line":10,"column":4},"end":{"line":10,"column":9}},"8":{"start":{"line":10,"column":9},"end":{"line":10,"column":null}},"9":{"start":{"line":11,"column":4},"end":{"line":11,"column":10}},"10":{"start":{"line":11,"column":10},"end":{"line":11,"column":null}},"11":{"start":{"line":12,"column":4},"end":{"line":12,"column":10}},"12":{"start":{"line":12,"column":10},"end":{"line":12,"column":null}},"13":{"start":{"line":13,"column":4},"end":{"line":13,"column":12}},"14":{"start":{"line":13,"column":12},"end":{"line":13,"column":null}},"15":{"start":{"line":22,"column":4},"end":{"line":70,"column":6}},"16":{"start":{"line":74,"column":4},"end":{"line":74,"column":9}},"17":{"start":{"line":74,"column":9},"end":{"line":74,"column":null}},"18":{"start":{"line":75,"column":4},"end":{"line":75,"column":10}},"19":{"start":{"line":75,"column":10},"end":{"line":75,"column":null}},"20":{"start":{"line":76,"column":4},"end":{"line":76,"column":10}},"21":{"start":{"line":76,"column":10},"end":{"line":76,"column":null}},"22":{"start":{"line":82,"column":27},"end":{"line":93,"column":6}},"23":{"start":{"line":84,"column":32},"end":{"line":92,"column":null}},"24":{"start":{"line":95,"column":4},"end":{"line":198,"column":6}}},"fnMap":{"0":{"name":"ElegantShape","decl":{"start":{"line":7,"column":9},"end":{"line":7,"column":21}},"loc":{"start":{"line":21,"column":1},"end":{"line":71,"column":1}}},"1":{"name":"HeroGeometric","decl":{"start":{"line":73,"column":9},"end":{"line":73,"column":22}},"loc":{"start":{"line":81,"column":1},"end":{"line":199,"column":1}}},"2":{"name":"(anonymous_2)","decl":{"start":{"line":84,"column":17},"end":{"line":84,"column":18}},"loc":{"start":{"line":84,"column":27},"end":{"line":84,"column":33}}}},"branchMap":{"0":{"loc":{"start":{"line":9,"column":9},"end":{"line":9,"column":null}},"type":"cond-expr","locations":[{"start":{"line":9,"column":12},"end":{"line":9,"column":13}},{"start":{"line":9,"column":13},"end":{"line":9,"column":null}}]},"1":{"loc":{"start":{"line":10,"column":9},"end":{"line":10,"column":null}},"type":"cond-expr","locations":[{"start":{"line":10,"column":12},"end":{"line":10,"column":15}},{"start":{"line":10,"column":15},"end":{"line":10,"column":null}}]},"2":{"loc":{"start":{"line":11,"column":10},"end":{"line":11,"column":null}},"type":"cond-expr","locations":[{"start":{"line":11,"column":13},"end":{"line":11,"column":16}},{"start":{"line":11,"column":16},"end":{"line":11,"column":null}}]},"3":{"loc":{"start":{"line":12,"column":10},"end":{"line":12,"column":null}},"type":"cond-expr","locations":[{"start":{"line":12,"column":13},"end":{"line":12,"column":14}},{"start":{"line":12,"column":14},"end":{"line":12,"column":null}}]},"4":{"loc":{"start":{"line":13,"column":12},"end":{"line":13,"column":null}},"type":"cond-expr","locations":[{"start":{"line":13,"column":15},"end":{"line":13,"column":34}},{"start":{"line":13,"column":34},"end":{"line":13,"column":null}}]},"5":{"loc":{"start":{"line":74,"column":9},"end":{"line":74,"column":null}},"type":"cond-expr","locations":[{"start":{"line":74,"column":12},"end":{"line":74,"column":31}},{"start":{"line":74,"column":31},"end":{"line":74,"column":null}}]},"6":{"loc":{"start":{"line":75,"column":10},"end":{"line":75,"column":null}},"type":"cond-expr","locations":[{"start":{"line":75,"column":13},"end":{"line":75,"column":42}},{"start":{"line":75,"column":42},"end":{"line":75,"column":null}}]},"7":{"loc":{"start":{"line":76,"column":10},"end":{"line":76,"column":null}},"type":"cond-expr","locations":[{"start":{"line":76,"column":13},"end":{"line":76,"column":44}},{"start":{"line":76,"column":44},"end":{"line":76,"column":null}}]}},"s":{"0":1,"1":1,"2":1,"3":1,"4":5,"5":5,"6":5,"7":5,"8":5,"9":5,"10":5,"11":5,"12":5,"13":5,"14":5,"15":5,"16":1,"17":1,"18":1,"19":1,"20":1,"21":1,"22":1,"23":6,"24":1},"f":{"0":5,"1":1,"2":6},"b":{"0":[0,5],"1":[0,5],"2":[0,5],"3":[0,5],"4":[0,5],"5":[0,1],"6":[0,1],"7":[0,1]}}
,"/Users/daxuhrie/Desktop/TXST-QFC-site/src/components/ui/text-reveal.tsx": {"path":"/Users/daxuhrie/Desktop/TXST-QFC-site/src/components/ui/text-reveal.tsx","statementMap":{"0":{"start":{"line":11,"column":0},"end":{"line":11,"column":24}},"1":{"start":{"line":3,"column":0},"end":{"line":3,"column":33}},"2":{"start":{"line":4,"column":0},"end":{"line":4,"column":33}},"3":{"start":{"line":11,"column":37},"end":{"line":11,"column":41}},"4":{"start":{"line":11,"column":41},"end":{"line":11,"column":64}},"5":{"start":{"line":11,"column":64},"end":{"line":11,"column":73}},"6":{"start":{"line":11,"column":73},"end":{"line":11,"column":97}},"7":{"start":{"line":12,"column":26},"end":{"line":12,"column":37}},"8":{"start":{"line":12,"column":14},"end":{"line":12,"column":16}},"9":{"start":{"line":12,"column":22},"end":{"line":12,"column":26}},"10":{"start":{"line":14,"column":19},"end":{"line":16,"column":5}},"11":{"start":{"line":15,"column":8},"end":{"line":15,"column":35}},"12":{"start":{"line":15,"column":25},"end":{"line":15,"column":34}},"13":{"start":{"line":18,"column":4},"end":{"line":213,"column":6}},"14":{"start":{"line":22,"column":53},"end":{"line":33,"column":22}}},"fnMap":{"0":{"name":"TextReveal","decl":{"start":{"line":11,"column":24},"end":{"line":11,"column":34}},"loc":{"start":{"line":11,"column":97},"end":{"line":214,"column":1}}},"1":{"name":"(anonymous_1)","decl":{"start":{"line":14,"column":19},"end":{"line":14,"column":null}},"loc":{"start":{"line":14,"column":19},"end":{"line":16,"column":5}}},"2":{"name":"(anonymous_2)","decl":{"start":{"line":15,"column":15},"end":{"line":15,"column":16}},"loc":{"start":{"line":15,"column":20},"end":{"line":15,"column":29}}},"3":{"name":"(anonymous_3)","decl":{"start":{"line":22,"column":40},"end":{"line":22,"column":41}},"loc":{"start":{"line":22,"column":48},"end":{"line":22,"column":null}}}},"branchMap":{"0":{"loc":{"start":{"line":11,"column":41},"end":{"line":11,"column":64}},"type":"cond-expr","locations":[{"start":{"line":11,"column":44},"end":{"line":11,"column":62}},{"start":{"line":11,"column":62},"end":{"line":11,"column":64}}]},"1":{"loc":{"start":{"line":11,"column":73},"end":{"line":11,"column":97}},"type":"cond-expr","locations":[{"start":{"line":11,"column":76},"end":{"line":11,"column":78}},{"start":{"line":11,"column":78},"end":{"line":11,"column":97}}]},"2":{"loc":{"start":{"line":31,"column":29},"end":{"line":31,"column":56}},"type":"cond-expr","locations":[{"start":{"line":31,"column":44},"end":{"line":31,"column":49}},{"start":{"line":31,"column":52},"end":{"line":31,"column":56}}]}},"s":{"0":1,"1":1,"2":1,"3":3,"4":3,"5":3,"6":3,"7":3,"8":3,"9":3,"10":3,"11":1,"12":1,"13":3,"14":23},"f":{"0":3,"1":1,"2":1,"3":23},"b":{"0":[0,3],"1":[3,0],"2":[1,22]}}
,"/Users/daxuhrie/Desktop/TXST-QFC-site/src/data/projects.ts": {"path":"/Users/daxuhrie/Desktop/TXST-QFC-site/src/data/projects.ts","statementMap":{"0":{"start":{"line":11,"column":13},"end":{"line":48,"column":2}}},"fnMap":{},"branchMap":{},"s":{"0":1},"f":{},"b":{}}
,"/Users/daxuhrie/Desktop/TXST-QFC-site/src/lib/utils.ts": {"path":"/Users/daxuhrie/Desktop/TXST-QFC-site/src/lib/utils.ts","statementMap":{"0":{"start":{"line":1,"column":0},"end":{"line":1,"column":16}},"1":{"start":{"line":1,"column":19},"end":{"line":1,"column":68}},"2":{"start":{"line":2,"column":4},"end":{"line":2,"column":null}}},"fnMap":{"0":{"name":"cn","decl":{"start":{"line":1,"column":16},"end":{"line":1,"column":18}},"loc":{"start":{"line":1,"column":18},"end":{"line":3,"column":1}}}},"branchMap":{},"s":{"0":2,"1":80,"2":14},"f":{"0":14},"b":{}}
}
