TN:
SF:src/components/About.tsx
FN:4,(anonymous_1)
FNF:1
FNH:1
FNDA:1,(anonymous_1)
DA:1,1
DA:2,1
DA:4,1
DA:5,1
DA:32,1
LF:5
LH:5
BRF:0
BRH:0
end_of_record
TN:
SF:src/components/Container.tsx
FN:3,(anonymous_1)
FNF:1
FNH:1
FNDA:5,(anonymous_1)
DA:1,1
DA:3,5
DA:4,4
DA:7,1
LF:4
LH:4
BRDA:3,0,0,2
BRDA:3,0,1,2
BRF:2
BRH:2
end_of_record
TN:
SF:src/components/FeaturedProjects.tsx
FN:11,(anonymous_3)
FN:25,(anonymous_4)
FNF:2
FNH:2
FNDA:2,(anonymous_3)
FNDA:1,(anonymous_4)
DA:1,1
DA:2,1
DA:3,1
DA:4,1
DA:5,1
DA:11,2
DA:13,1
DA:15,1
DA:25,1
DA:42,1
LF:10
LH:10
BRDA:11,0,0,0
BRDA:11,0,1,1
BRF:2
BRH:1
end_of_record
TN:
SF:src/components/Hero.tsx
FN:5,(anonymous_1)
FNF:1
FNH:1
FNDA:3,(anonymous_1)
DA:1,1
DA:2,1
DA:3,1
DA:5,1
DA:6,3
DA:36,1
LF:6
LH:6
BRF:0
BRH:0
end_of_record
TN:
SF:src/components/Navigation.tsx
FN:6,(anonymous_1)
FN:45,(anonymous_2)
FNF:2
FNH:1
FNDA:1,(anonymous_1)
FNDA:0,(anonymous_2)
DA:2,1
DA:3,1
DA:4,1
DA:6,1
DA:7,1
DA:9,1
DA:45,0
DA:73,1
LF:8
LH:7
BRDA:50,0,0,0
BRDA:50,0,1,1
BRDA:57,1,0,1
BRDA:57,1,1,0
BRF:4
BRH:2
end_of_record
TN:
SF:src/components/ProjectCard.tsx
FN:13,(anonymous_1)
FN:38,(anonymous_2)
FNF:2
FNH:2
FNDA:6,(anonymous_1)
FNDA:8,(anonymous_2)
DA:1,3
DA:2,3
DA:13,3
DA:14,6
DA:15,6
DA:16,6
DA:17,6
DA:18,6
DA:19,6
DA:21,6
DA:38,8
DA:65,3
LF:12
LH:12
BRDA:26,0,0,6
BRDA:26,0,1,0
BRDA:28,1,0,0
BRDA:28,1,1,0
BRF:4
BRH:1
end_of_record
TN:
SF:src/components/ui/shape-landing-hero.tsx
FN:7,ElegantShape
FN:73,HeroGeometric
FN:84,(anonymous_2)
FNF:3
FNH:3
FNDA:5,ElegantShape
FNDA:1,HeroGeometric
FNDA:6,(anonymous_2)
DA:3,1
DA:4,1
DA:5,1
DA:8,5
DA:9,5
DA:10,5
DA:11,5
DA:12,5
DA:13,5
DA:22,5
DA:74,1
DA:75,1
DA:76,1
DA:82,1
DA:84,6
DA:95,1
DA:201,1
LF:17
LH:17
BRDA:9,0,0,0
BRDA:9,0,1,5
BRDA:10,1,0,0
BRDA:10,1,1,5
BRDA:11,2,0,0
BRDA:11,2,1,5
BRDA:12,3,0,0
BRDA:12,3,1,5
BRDA:13,4,0,0
BRDA:13,4,1,5
BRDA:74,5,0,0
BRDA:74,5,1,1
BRDA:75,6,0,0
BRDA:75,6,1,1
BRDA:76,7,0,0
BRDA:76,7,1,1
BRF:16
BRH:8
end_of_record
TN:
SF:src/components/ui/text-reveal.tsx
FN:11,TextReveal
FN:14,(anonymous_1)
FN:15,(anonymous_2)
FN:22,(anonymous_3)
FNF:4
FNH:4
FNDA:3,TextReveal
FNDA:1,(anonymous_1)
FNDA:1,(anonymous_2)
FNDA:23,(anonymous_3)
DA:3,1
DA:4,1
DA:11,3
DA:12,3
DA:14,3
DA:15,1
DA:18,3
DA:22,23
LF:8
LH:8
BRDA:11,0,0,0
BRDA:11,0,1,3
BRDA:11,1,0,3
BRDA:11,1,1,0
BRDA:31,2,0,1
BRDA:31,2,1,22
BRF:6
BRH:4
end_of_record
TN:
SF:src/data/projects.ts
FNF:0
FNH:0
DA:11,1
LF:1
LH:1
BRF:0
BRH:0
end_of_record
TN:
SF:src/lib/utils.ts
FN:1,cn
FNF:1
FNH:1
FNDA:14,cn
DA:1,80
DA:2,14
LF:2
LH:2
BRF:0
BRH:0
end_of_record
